node:internal/modules/cjs/loader:1458
  throw err;
  ^

Error: Cannot find module 'playwright'
Require stack:
- /Users/clawbox-1/.openclaw/workspace/bm_stores.js
    at Module._resolveFilename (node:internal/modules/cjs/loader:1455:15)
    at defaultResolveImpl (node:internal/modules/cjs/loader:1065:19)
    at resolveForCJSWithHooks (node:internal/modules/cjs/loader:1070:22)
    at Module._load (node:internal/modules/cjs/loader:1241:25)
    at wrapModuleLoad (node:internal/modules/cjs/loader:255:19)
    at Module.require (node:internal/modules/cjs/loader:1555:12)
    at require (node:internal/modules/helpers:152:16)
    at Object.<anonymous> (/Users/clawbox-1/.openclaw/workspace/bm_stores.js:1:22)
    at Module._compile (node:internal/modules/cjs/loader:1811:14)
    at Module._extensions..js (node:internal/modules/cjs/loader:1942:10) {
  code: 'MODULE_NOT_FOUND',
  requireStack: [ '/Users/clawbox-1/.openclaw/workspace/bm_stores.js' ]
}

Node.js v25.6.1
